=== Suite started at 2025-08-19 11:33:21
=== Starting test, 19 test cases
=cases         19
=user          runner
=host          nohost
=hosts         nohost 
=emulator_vsn  16.0
=emulator      beam
=otp_release   28
=started       2025-08-19 11:33:21
=case          eturnal_SUITE:init_per_suite
=logfile       eturnal_suite.init_per_suite.html
=started       2025-08-19 11:33:21
=ended         2025-08-19 11:33:22
=result        ok
=elapsed       0.000007s
=case          eturnal_SUITE:start_eturnal
=logfile       eturnal_suite.start_eturnal.html
=started       2025-08-19 11:33:22
=ended         2025-08-19 11:33:22
=result        failed: {{badmatch,
                         {error,
                          {eturnal,
                           {{shutdown,
                             {failed_to_start_child,eturnal,
                              {badarg,
                               [{erlang,atom_to_binary,
                                 [{asn1,
                                   {{case_clause,'NULL'},
                                    [{'OTP-PKIX',
                                      '-getenc_internal_object_set_argument_2/1-fun-11-',
                                      3,
                                      [{file,"../src/OTP-PKIX.erl"},
                                       {line,2419}]},
                                     {'OTP-PKIX',
                                      enc_OTPTBSCertificate_signature,2,
                                      [{file,"../src/OTP-PKIX.erl"},
                                       {line,492}]},
                                     {'OTP-PKIX',enc_OTPTBSCertificate,2,
                                      [{file,"../src/OTP-PKIX.erl"},
                                       {line,418}]},
                                     {'OTP-PKIX',encode,2,
                                      [{file,"../src/OTP-PKIX.erl"},
                                       {line,134}]},
                                     {public_key,pkix_encode,3,
                                      [{file,"public_key.erl"},{line,881}]},
                                     {public_key,pkix_sign,2,
                                      [{file,"public_key.erl"},{line,1432}]},
                                     {eturnal_cert,create,1,
                                      [{file,
                                        "/home/runner/work/eturnal/eturnal/src/eturnal_cert.erl"},
                                       {line,37}]},
                                     {eturnal,create_self_signed,1,
                                      [{file,
                                        "/home/runner/work/eturnal/eturnal/src/eturnal.erl"},
                                       {line,281}]}]}}],
                                 [{error_info,#{module => erl_erts_errors}}]},
                                {erl_posix_msg,message_1,1,
                                 [{file,"erl_posix_msg.erl"},{line,178}]},
                                {erl_posix_msg,message,1,
                                 [{file,"erl_posix_msg.erl"},{line,32}]},
                                {eturnal,format_error,1,
                                 [{file,
                                   "/home/runner/work/eturnal/eturnal/src/eturnal.erl"},
                                  {line,898}]},
                                {eturnal,abort,1,
                                 [{file,
                                   "/home/runner/work/eturnal/eturnal/src/eturnal.erl"},
                                  {line,301}]},
                                {eturnal,init,1,
                                 [{file,
                                   "/home/runner/work/eturnal/eturnal/src/eturnal.erl"},
                                  {line,101}]},
                                {gen_server,init_it,2,
                                 [{file,"gen_server.erl"},{line,2276}]},
                                {gen_server,init_it,6,
                                 [{file,"gen_server.erl"},{line,2236}]}]}}},
                            {eturnal_app,start,[normal,[]]}}}}},
                        [{eturnal_SUITE,start_eturnal,1,
                          [{file,
                            "/home/runner/work/eturnal/eturnal/test/eturnal_SUITE.erl"},
                           {line,113}]},
                         {test_server,ts_tc,3,
                          [{file,"test_server.erl"},{line,1796}]},
                         {test_server,run_test_case_eval1,6,
                          [{file,"test_server.erl"},{line,1305}]},
                         {test_server,run_test_case_eval,9,
                          [{file,"test_server.erl"},{line,1237}]}]}, [{eturnal_SUITE,
                                                                       start_eturnal,
                                                                       113},
                                                                      {test_server,
                                                                       ts_tc,
                                                                       1796},
                                                                      {test_server,
                                                                       run_test_case_eval1,
                                                                       1305},
                                                                      {test_server,
                                                                       run_test_case_eval,
                                                                       1237}]
=elapsed       0.681529s
=== *** FAILED test case 1 of 19 ***
=case          eturnal_SUITE:check_status
=logfile       eturnal_suite.check_status.html
=started       2025-08-19 11:33:22
=ended         2025-08-19 11:33:22
=result        failed: {noproc,{gen_server,call,[eturnal,get_status,60000]}}, [{gen_server,
                                                                                call,
                                                                                1301},
                                                                               {eturnal_ctl,
                                                                                call,
                                                                                440},
                                                                               {eturnal_ctl,
                                                                                get_status,
                                                                                130},
                                                                               {eturnal_SUITE,
                                                                                check_status,
                                                                                118},
                                                                               {test_server,
                                                                                ts_tc,
                                                                                1796},
                                                                               {test_server,
                                                                                run_test_case_eval1,
                                                                                1305},
                                                                               {test_server,
                                                                                run_test_case_eval,
                                                                                1237}]
=elapsed       0.000234s
=== *** FAILED test case 2 of 19 ***
=case          eturnal_SUITE:check_info
=logfile       eturnal_suite.check_info.html
=started       2025-08-19 11:33:22
=ended         2025-08-19 11:33:22
=result        failed: {noproc,{gen_server,call,[eturnal,get_info,60000]}}, [{gen_server,
                                                                              call,
                                                                              1301},
                                                                             {eturnal_ctl,
                                                                              call,
                                                                              440},
                                                                             {eturnal_ctl,
                                                                              get_info,
                                                                              140},
                                                                             {eturnal_SUITE,
                                                                              check_info,
                                                                              125},
                                                                             {test_server,
                                                                              ts_tc,
                                                                              1796},
                                                                             {test_server,
                                                                              run_test_case_eval1,
                                                                              1305},
                                                                             {test_server,
                                                                              run_test_case_eval,
                                                                              1237}]
=elapsed       0.000151s
=== *** FAILED test case 3 of 19 ***
=case          eturnal_SUITE:check_all_sessions
=logfile       eturnal_suite.check_all_sessions.html
=started       2025-08-19 11:33:22
=ended         2025-08-19 11:33:22
=result        failed: {noproc,
                           {gen_server,call,
                               [turn_tmp_sup,which_children,infinity]}}, [{gen_server,
                                                                           call,
                                                                           1301},
                                                                          {eturnal_ctl,
                                                                           filter_sessions,
                                                                           304},
                                                                          {eturnal_ctl,
                                                                           get_sessions,
                                                                           101},
                                                                          {eturnal_SUITE,
                                                                           check_all_sessions,
                                                                           132},
                                                                          {test_server,
                                                                           ts_tc,
                                                                           1796},
                                                                          {test_server,
                                                                           run_test_case_eval1,
                                                                           1305},
                                                                          {test_server,
                                                                           run_test_case_eval,
                                                                           1237}]
=elapsed       0.000136s
=== *** FAILED test case 4 of 19 ***
=case          eturnal_SUITE:check_user_sessions
=logfile       eturnal_suite.check_user_sessions.html
=started       2025-08-19 11:33:22
=ended         2025-08-19 11:33:22
=result        failed: {noproc,
                           {gen_server,call,
                               [turn_tmp_sup,which_children,infinity]}}, [{gen_server,
                                                                           call,
                                                                           1301},
                                                                          {eturnal_ctl,
                                                                           filter_sessions,
                                                                           304},
                                                                          {eturnal_ctl,
                                                                           get_sessions,
                                                                           113},
                                                                          {eturnal_SUITE,
                                                                           check_user_sessions,
                                                                           139},
                                                                          {test_server,
                                                                           ts_tc,
                                                                           1796},
                                                                          {test_server,
                                                                           run_test_case_eval1,
                                                                           1305},
                                                                          {test_server,
                                                                           run_test_case_eval,
                                                                           1237}]
=elapsed       0.000153s
=== *** FAILED test case 5 of 19 ***
=case          eturnal_SUITE:check_disconnect
=logfile       eturnal_suite.check_disconnect.html
=started       2025-08-19 11:33:22
=ended         2025-08-19 11:33:22
=result        failed: {noproc,
                           {gen_server,call,
                               [turn_tmp_sup,which_children,infinity]}}, [{gen_server,
                                                                           call,
                                                                           1301},
                                                                          {eturnal_ctl,
                                                                           filter_sessions,
                                                                           304},
                                                                          {eturnal_ctl,
                                                                           disconnect_user,
                                                                           338},
                                                                          {eturnal_ctl,
                                                                           disconnect,
                                                                           191},
                                                                          {eturnal_SUITE,
                                                                           check_disconnect,
                                                                           153},
                                                                          {test_server,
                                                                           ts_tc,
                                                                           1796},
                                                                          {test_server,
                                                                           run_test_case_eval1,
                                                                           1305},
                                                                          {test_server,
                                                                           run_test_case_eval,
                                                                           1237}]
=elapsed       0.000149s
=== *** FAILED test case 6 of 19 ***
=case          eturnal_SUITE:check_credentials
=logfile       eturnal_suite.check_credentials.html
=started       2025-08-19 11:33:22
=ended         2025-08-19 11:33:22
=result        failed: {noproc,
                           {gen_server,call,
                               [eturnal,
                                {get_password,<<"1256900400">>},
                                60000]}}, [{gen_server,call,1301},
                                           {eturnal_ctl,call,440},
                                           {eturnal_ctl,get_credentials,63},
                                           {eturnal_SUITE,check_credentials,
                                            166},
                                           {test_server,ts_tc,1796},
                                           {test_server,run_test_case_eval1,
                                            1305},
                                           {test_server,run_test_case_eval,
                                            1237}]
=elapsed       0.000166s
=== *** FAILED test case 7 of 19 ***
=case          eturnal_SUITE:check_loglevel
=logfile       eturnal_suite.check_loglevel.html
=started       2025-08-19 11:33:22
=ended         2025-08-19 11:33:22
=result        failed: {noproc,
                           {gen_server,call,
                               [eturnal,{set_loglevel,debug},60000]}}, [{gen_server,
                                                                         call,
                                                                         1301},
                                                                        {eturnal_ctl,
                                                                         call,
                                                                         440},
                                                                        {eturnal_ctl,
                                                                         set_loglevel,
                                                                         172},
                                                                        {eturnal_SUITE,
                                                                         check_loglevel,
                                                                         194},
                                                                        {test_server,
                                                                         ts_tc,
                                                                         1796},
                                                                        {test_server,
                                                                         run_test_case_eval1,
                                                                         1305},
                                                                        {test_server,
                                                                         run_test_case_eval,
                                                                         1237}]
=elapsed       0.000162s
=== *** FAILED test case 8 of 19 ***
=case          eturnal_SUITE:check_version
=logfile       eturnal_suite.check_version.html
=started       2025-08-19 11:33:22
=ended         2025-08-19 11:33:22
=result        failed: {noproc,{gen_server,call,[eturnal,get_version,60000]}}, [{gen_server,
                                                                                 call,
                                                                                 1301},
                                                                                {eturnal_ctl,
                                                                                 call,
                                                                                 440},
                                                                                {eturnal_ctl,
                                                                                 get_version,
                                                                                 150},
                                                                                {eturnal_SUITE,
                                                                                 check_version,
                                                                                 205},
                                                                                {test_server,
                                                                                 ts_tc,
                                                                                 1796},
                                                                                {test_server,
                                                                                 run_test_case_eval1,
                                                                                 1305},
                                                                                {test_server,
                                                                                 run_test_case_eval,
                                                                                 1237}]
=elapsed       0.000133s
=== *** FAILED test case 9 of 19 ***
=case          eturnal_SUITE:reload
=logfile       eturnal_suite.reload.html
=started       2025-08-19 11:33:22
=ended         2025-08-19 11:33:22
=result        failed: {{badmatch,{error,enoent}},
                        [{eturnal_SUITE,reload,1,
                             [{file,
                                  "/home/runner/work/eturnal/eturnal/test/eturnal_SUITE.erl"},
                              {line,214}]},
                         {test_server,ts_tc,3,
                             [{file,"test_server.erl"},{line,1796}]},
                         {test_server,run_test_case_eval1,6,
                             [{file,"test_server.erl"},{line,1305}]},
                         {test_server,run_test_case_eval,9,
                             [{file,"test_server.erl"},{line,1237}]}]}, [{eturnal_SUITE,
                                                                          reload,
                                                                          214},
                                                                         {test_server,
                                                                          ts_tc,
                                                                          1796},
                                                                         {test_server,
                                                                          run_test_case_eval1,
                                                                          1305},
                                                                         {test_server,
                                                                          run_test_case_eval,
                                                                          1237}]
=elapsed       0.000051s
=== *** FAILED test case 10 of 19 ***
=case          eturnal_SUITE:connect_tcp
=logfile       eturnal_suite.connect_tcp.html
=started       2025-08-19 11:33:22
=ended         2025-08-19 11:33:22
=result        failed: {{badmatch,{error,econnrefused}},
                        [{eturnal_SUITE,connect_tcp,1,
                             [{file,
                                  "/home/runner/work/eturnal/eturnal/test/eturnal_SUITE.erl"},
                              {line,227}]},
                         {test_server,ts_tc,3,
                             [{file,"test_server.erl"},{line,1796}]},
                         {test_server,run_test_case_eval1,6,
                             [{file,"test_server.erl"},{line,1305}]},
                         {test_server,run_test_case_eval,9,
                             [{file,"test_server.erl"},{line,1237}]}]}, [{eturnal_SUITE,
                                                                          connect_tcp,
                                                                          227},
                                                                         {test_server,
                                                                          ts_tc,
                                                                          1796},
                                                                         {test_server,
                                                                          run_test_case_eval1,
                                                                          1305},
                                                                         {test_server,
                                                                          run_test_case_eval,
                                                                          1237}]
=elapsed       0.005432s
=== *** FAILED test case 11 of 19 ***
=case          eturnal_SUITE:connect_tls
=logfile       eturnal_suite.connect_tls.html
=started       2025-08-19 11:33:22
=ended         2025-08-19 11:33:22
=result        failed: {{badmatch,{error,econnrefused}},
                        [{eturnal_SUITE,connect_tls,1,
                             [{file,
                                  "/home/runner/work/eturnal/eturnal/test/eturnal_SUITE.erl"},
                              {line,235}]},
                         {test_server,ts_tc,3,
                             [{file,"test_server.erl"},{line,1796}]},
                         {test_server,run_test_case_eval1,6,
                             [{file,"test_server.erl"},{line,1305}]},
                         {test_server,run_test_case_eval,9,
                             [{file,"test_server.erl"},{line,1237}]}]}, [{eturnal_SUITE,
                                                                          connect_tls,
                                                                          235},
                                                                         {test_server,
                                                                          ts_tc,
                                                                          1796},
                                                                         {test_server,
                                                                          run_test_case_eval1,
                                                                          1305},
                                                                         {test_server,
                                                                          run_test_case_eval,
                                                                          1237}]
=elapsed       0.000286s
=== *** FAILED test case 12 of 19 ***
=case          eturnal_SUITE:turn_udp
=logfile       eturnal_suite.turn_udp.html
=started       2025-08-19 11:33:22
=ended         2025-08-19 11:33:28
=result        failed: {{badmatch,{error,timeout}},
                        [{eturnal_SUITE,turn_udp,1,
                             [{file,
                                  "/home/runner/work/eturnal/eturnal/test/eturnal_SUITE.erl"},
                              {line,249}]},
                         {test_server,ts_tc,3,
                             [{file,"test_server.erl"},{line,1796}]},
                         {test_server,run_test_case_eval1,6,
                             [{file,"test_server.erl"},{line,1305}]},
                         {test_server,run_test_case_eval,9,
                             [{file,"test_server.erl"},{line,1237}]}]}, [{eturnal_SUITE,
                                                                          turn_udp,
                                                                          249},
                                                                         {test_server,
                                                                          ts_tc,
                                                                          1796},
                                                                         {test_server,
                                                                          run_test_case_eval1,
                                                                          1305},
                                                                         {test_server,
                                                                          run_test_case_eval,
                                                                          1237}]
=elapsed       5.010368s
=== *** FAILED test case 13 of 19 ***
=case          eturnal_SUITE:stun_udp
=logfile       eturnal_suite.stun_udp.html
=started       2025-08-19 11:33:28
=ended         2025-08-19 11:33:33
=result        failed: {{badmatch,false},
                        [{eturnal_SUITE,stun_udp,1,
                             [{file,
                                  "/home/runner/work/eturnal/eturnal/test/eturnal_SUITE.erl"},
                              {line,260}]},
                         {test_server,ts_tc,3,
                             [{file,"test_server.erl"},{line,1796}]},
                         {test_server,run_test_case_eval1,6,
                             [{file,"test_server.erl"},{line,1305}]},
                         {test_server,run_test_case_eval,9,
                             [{file,"test_server.erl"},{line,1237}]}]}, [{eturnal_SUITE,
                                                                          stun_udp,
                                                                          260},
                                                                         {test_server,
                                                                          ts_tc,
                                                                          1796},
                                                                         {test_server,
                                                                          run_test_case_eval1,
                                                                          1305},
                                                                         {test_server,
                                                                          run_test_case_eval,
                                                                          1237}]
=elapsed       5.000627s
=== *** FAILED test case 14 of 19 ***
=case          eturnal_SUITE:stun_tcp
=logfile       eturnal_suite.stun_tcp.html
=started       2025-08-19 11:33:33
=ended         2025-08-19 11:33:33
=result        failed: {{badmatch,false},
                        [{eturnal_SUITE,stun_tcp,1,
                             [{file,
                                  "/home/runner/work/eturnal/eturnal/test/eturnal_SUITE.erl"},
                              {line,270}]},
                         {test_server,ts_tc,3,
                             [{file,"test_server.erl"},{line,1796}]},
                         {test_server,run_test_case_eval1,6,
                             [{file,"test_server.erl"},{line,1305}]},
                         {test_server,run_test_case_eval,9,
                             [{file,"test_server.erl"},{line,1237}]}]}, [{eturnal_SUITE,
                                                                          stun_tcp,
                                                                          270},
                                                                         {test_server,
                                                                          ts_tc,
                                                                          1796},
                                                                         {test_server,
                                                                          run_test_case_eval1,
                                                                          1305},
                                                                         {test_server,
                                                                          run_test_case_eval,
                                                                          1237}]
=elapsed       0.000400s
=== *** FAILED test case 15 of 19 ***
=case          eturnal_SUITE:stun_tls
=logfile       eturnal_suite.stun_tls.html
=started       2025-08-19 11:33:33
=ended         2025-08-19 11:33:33
=result        failed: {{badmatch,false},
                        [{eturnal_SUITE,stun_tls,1,
                             [{file,
                                  "/home/runner/work/eturnal/eturnal/test/eturnal_SUITE.erl"},
                              {line,280}]},
                         {test_server,ts_tc,3,
                             [{file,"test_server.erl"},{line,1796}]},
                         {test_server,run_test_case_eval1,6,
                             [{file,"test_server.erl"},{line,1305}]},
                         {test_server,run_test_case_eval,9,
                             [{file,"test_server.erl"},{line,1237}]}]}, [{eturnal_SUITE,
                                                                          stun_tls,
                                                                          280},
                                                                         {test_server,
                                                                          ts_tc,
                                                                          1796},
                                                                         {test_server,
                                                                          run_test_case_eval1,
                                                                          1305},
                                                                         {test_server,
                                                                          run_test_case_eval,
                                                                          1237}]
=elapsed       0.000368s
=== *** FAILED test case 16 of 19 ***
=case          eturnal_SUITE:stun_tcp_auto
=logfile       eturnal_suite.stun_tcp_auto.html
=started       2025-08-19 11:33:33
=ended         2025-08-19 11:33:33
=result        failed: {{badmatch,false},
                        [{eturnal_SUITE,stun_tcp_auto,1,
                             [{file,
                                  "/home/runner/work/eturnal/eturnal/test/eturnal_SUITE.erl"},
                              {line,290}]},
                         {test_server,ts_tc,3,
                             [{file,"test_server.erl"},{line,1796}]},
                         {test_server,run_test_case_eval1,6,
                             [{file,"test_server.erl"},{line,1305}]},
                         {test_server,run_test_case_eval,9,
                             [{file,"test_server.erl"},{line,1237}]}]}, [{eturnal_SUITE,
                                                                          stun_tcp_auto,
                                                                          290},
                                                                         {test_server,
                                                                          ts_tc,
                                                                          1796},
                                                                         {test_server,
                                                                          run_test_case_eval1,
                                                                          1305},
                                                                         {test_server,
                                                                          run_test_case_eval,
                                                                          1237}]
=elapsed       0.000302s
=== *** FAILED test case 17 of 19 ***
=case          eturnal_SUITE:stun_tls_auto
=logfile       eturnal_suite.stun_tls_auto.html
=started       2025-08-19 11:33:33
=ended         2025-08-19 11:33:33
=result        failed: {{badmatch,false},
                        [{eturnal_SUITE,stun_tls_auto,1,
                             [{file,
                                  "/home/runner/work/eturnal/eturnal/test/eturnal_SUITE.erl"},
                              {line,300}]},
                         {test_server,ts_tc,3,
                             [{file,"test_server.erl"},{line,1796}]},
                         {test_server,run_test_case_eval1,6,
                             [{file,"test_server.erl"},{line,1305}]},
                         {test_server,run_test_case_eval,9,
                             [{file,"test_server.erl"},{line,1237}]}]}, [{eturnal_SUITE,
                                                                          stun_tls_auto,
                                                                          300},
                                                                         {test_server,
                                                                          ts_tc,
                                                                          1796},
                                                                         {test_server,
                                                                          run_test_case_eval1,
                                                                          1305},
                                                                         {test_server,
                                                                          run_test_case_eval,
                                                                          1237}]
=elapsed       0.000310s
=== *** FAILED test case 18 of 19 ***
=case          eturnal_SUITE:stop_eturnal
=logfile       eturnal_suite.stop_eturnal.html
=started       2025-08-19 11:33:33
=ended         2025-08-19 11:33:33
=result        failed: {{badmatch,{error,{not_started,eturnal}}},
                        [{eturnal_SUITE,stop_eturnal,1,
                             [{file,
                                  "/home/runner/work/eturnal/eturnal/test/eturnal_SUITE.erl"},
                              {line,305}]},
                         {test_server,ts_tc,3,
                             [{file,"test_server.erl"},{line,1796}]},
                         {test_server,run_test_case_eval1,6,
                             [{file,"test_server.erl"},{line,1305}]},
                         {test_server,run_test_case_eval,9,
                             [{file,"test_server.erl"},{line,1237}]}]}, [{eturnal_SUITE,
                                                                          stop_eturnal,
                                                                          305},
                                                                         {test_server,
                                                                          ts_tc,
                                                                          1796},
                                                                         {test_server,
                                                                          run_test_case_eval1,
                                                                          1305},
                                                                         {test_server,
                                                                          run_test_case_eval,
                                                                          1237}]
=elapsed       0.000065s
=== *** FAILED test case 19 of 19 ***
=case          eturnal_SUITE:end_per_suite
=logfile       eturnal_suite.end_per_suite.html
=started       2025-08-19 11:33:33
=ended         2025-08-19 11:33:33
=result        ok
=elapsed       0.000000s
=group_time    11.180s
=== TEST COMPLETE, 0 ok, 19 failed of 19 test cases

=finished      2025-08-19 11:33:33
=failed        19
=successful    0
=user_skipped  0
=auto_skipped  0
=elapsed_time  11215694
